Feb 24, 2014 8:08:08 PM org.apache.solr.servlet.SolrDispatchFilter init
INFO: SolrDispatchFilter.init()
Feb 24, 2014 8:08:08 PM org.apache.solr.core.SolrResourceLoader locateSolrHome
INFO: JNDI not configured for solr (NoInitialContextEx)
Feb 24, 2014 8:08:08 PM org.apache.solr.core.SolrResourceLoader locateSolrHome
INFO: using system property solr.solr.home: /Users/apple/Desktop/ruby/mcitsocial_spring14/solr
Feb 24, 2014 8:08:08 PM org.apache.solr.core.CoreContainer$Initializer initialize
INFO: looking for solr.xml: /Users/apple/Desktop/ruby/mcitsocial_spring14/solr/solr.xml
Feb 24, 2014 8:08:08 PM org.apache.solr.core.CoreContainer <init>
INFO: New CoreContainer 1646396730
Feb 24, 2014 8:08:08 PM org.apache.solr.core.CoreContainer load
INFO: Loading CoreContainer using Solr Home: '/Users/apple/Desktop/ruby/mcitsocial_spring14/solr/'
Feb 24, 2014 8:08:08 PM org.apache.solr.core.SolrResourceLoader <init>
INFO: new SolrResourceLoader for directory: '/Users/apple/Desktop/ruby/mcitsocial_spring14/solr/'
Feb 24, 2014 8:08:08 PM org.apache.solr.handler.component.HttpShardHandlerFactory getParameter
INFO: Setting socketTimeout to: 0
Feb 24, 2014 8:08:08 PM org.apache.solr.handler.component.HttpShardHandlerFactory getParameter
INFO: Setting urlScheme to: http://
Feb 24, 2014 8:08:08 PM org.apache.solr.handler.component.HttpShardHandlerFactory getParameter
INFO: Setting connTimeout to: 0
Feb 24, 2014 8:08:08 PM org.apache.solr.handler.component.HttpShardHandlerFactory getParameter
INFO: Setting maxConnectionsPerHost to: 20
Feb 24, 2014 8:08:08 PM org.apache.solr.handler.component.HttpShardHandlerFactory getParameter
INFO: Setting corePoolSize to: 0
Feb 24, 2014 8:08:08 PM org.apache.solr.handler.component.HttpShardHandlerFactory getParameter
INFO: Setting maximumPoolSize to: 2147483647
Feb 24, 2014 8:08:08 PM org.apache.solr.handler.component.HttpShardHandlerFactory getParameter
INFO: Setting maxThreadIdleTime to: 5
Feb 24, 2014 8:08:08 PM org.apache.solr.handler.component.HttpShardHandlerFactory getParameter
INFO: Setting sizeOfQueue to: -1
Feb 24, 2014 8:08:08 PM org.apache.solr.handler.component.HttpShardHandlerFactory getParameter
INFO: Setting fairnessPolicy to: false
Feb 24, 2014 8:08:08 PM org.apache.solr.client.solrj.impl.HttpClientUtil createClient
INFO: Creating new http client, config:maxConnectionsPerHost=20&maxConnections=10000&socketTimeout=0&connTimeout=0&retry=false
Feb 24, 2014 8:08:08 PM org.apache.solr.core.CoreContainer load
INFO: Registering Log Listener
Feb 24, 2014 8:08:08 PM org.apache.solr.core.CoreContainer create
INFO: Creating SolrCore 'default' using instanceDir: /Users/apple/Desktop/ruby/mcitsocial_spring14/solr/.
Feb 24, 2014 8:08:08 PM org.apache.solr.core.SolrResourceLoader <init>
INFO: new SolrResourceLoader for directory: '/Users/apple/Desktop/ruby/mcitsocial_spring14/solr/./'
Feb 24, 2014 8:08:08 PM org.apache.solr.core.CoreContainer create
INFO: Creating SolrCore 'development' using instanceDir: /Users/apple/Desktop/ruby/mcitsocial_spring14/solr/.
Feb 24, 2014 8:08:08 PM org.apache.solr.core.SolrResourceLoader <init>
INFO: new SolrResourceLoader for directory: '/Users/apple/Desktop/ruby/mcitsocial_spring14/solr/./'
Feb 24, 2014 8:08:08 PM org.apache.solr.core.CoreContainer create
INFO: Creating SolrCore 'test' using instanceDir: /Users/apple/Desktop/ruby/mcitsocial_spring14/solr/.
Feb 24, 2014 8:08:08 PM org.apache.solr.core.SolrResourceLoader <init>
INFO: new SolrResourceLoader for directory: '/Users/apple/Desktop/ruby/mcitsocial_spring14/solr/./'
Feb 24, 2014 8:08:08 PM org.apache.solr.core.SolrConfig <init>
INFO: Using Lucene MatchVersion: LUCENE_41
Feb 24, 2014 8:08:08 PM org.apache.solr.core.SolrConfig <init>
INFO: Using Lucene MatchVersion: LUCENE_41
Feb 24, 2014 8:08:08 PM org.apache.solr.core.SolrConfig <init>
INFO: Using Lucene MatchVersion: LUCENE_41
Feb 24, 2014 8:08:09 PM org.apache.solr.core.SolrConfig <init>
INFO: Loaded SolrConfig: solrconfig.xml
Feb 24, 2014 8:08:09 PM org.apache.solr.core.SolrConfig <init>
INFO: Loaded SolrConfig: solrconfig.xml
Feb 24, 2014 8:08:09 PM org.apache.solr.core.SolrConfig <init>
INFO: Loaded SolrConfig: solrconfig.xml
Feb 24, 2014 8:08:09 PM org.apache.solr.schema.IndexSchema readSchema
INFO: Reading Solr Schema
Feb 24, 2014 8:08:09 PM org.apache.solr.schema.IndexSchema readSchema
INFO: Reading Solr Schema
Feb 24, 2014 8:08:09 PM org.apache.solr.schema.IndexSchema readSchema
INFO: Reading Solr Schema
Feb 24, 2014 8:08:09 PM org.apache.solr.schema.IndexSchema readSchema
INFO: Schema name=sunspot
Feb 24, 2014 8:08:09 PM org.apache.solr.schema.IndexSchema readSchema
INFO: Schema name=sunspot
Feb 24, 2014 8:08:09 PM org.apache.solr.schema.IndexSchema readSchema
INFO: Schema name=sunspot
Feb 24, 2014 8:08:09 PM org.apache.solr.schema.IndexSchema readSchema
INFO: default search field in schema is text
Feb 24, 2014 8:08:09 PM org.apache.solr.schema.IndexSchema readSchema
INFO: query parser default operator is AND
Feb 24, 2014 8:08:09 PM org.apache.solr.schema.IndexSchema readSchema
INFO: default search field in schema is text
Feb 24, 2014 8:08:09 PM org.apache.solr.schema.IndexSchema readSchema
INFO: default search field in schema is text
Feb 24, 2014 8:08:09 PM org.apache.solr.schema.IndexSchema readSchema
INFO: unique key field: id
Feb 24, 2014 8:08:09 PM org.apache.solr.schema.IndexSchema readSchema
INFO: query parser default operator is AND
Feb 24, 2014 8:08:09 PM org.apache.solr.schema.IndexSchema readSchema
INFO: query parser default operator is AND
Feb 24, 2014 8:08:09 PM org.apache.solr.schema.IndexSchema readSchema
INFO: unique key field: id
Feb 24, 2014 8:08:09 PM org.apache.solr.schema.IndexSchema readSchema
INFO: unique key field: id
Feb 24, 2014 8:08:09 PM org.apache.solr.core.SolrCore <init>
INFO: [default] Opening new SolrCore at /Users/apple/Desktop/ruby/mcitsocial_spring14/solr/./, dataDir=/Users/apple/Desktop/ruby/mcitsocial_spring14/solr/./default/data/
Feb 24, 2014 8:08:09 PM org.apache.solr.core.SolrCore <init>
INFO: [test] Opening new SolrCore at /Users/apple/Desktop/ruby/mcitsocial_spring14/solr/./, dataDir=/Users/apple/Desktop/ruby/mcitsocial_spring14/solr/./test/data/
Feb 24, 2014 8:08:09 PM org.apache.solr.core.SolrCore <init>
INFO: JMX monitoring not detected for core: test
Feb 24, 2014 8:08:09 PM org.apache.solr.core.SolrCore <init>
INFO: [development] Opening new SolrCore at /Users/apple/Desktop/ruby/mcitsocial_spring14/solr/./, dataDir=/Users/apple/Desktop/ruby/mcitsocial_spring14/solr/./development/data/
Feb 24, 2014 8:08:09 PM org.apache.solr.core.SolrCore <init>
INFO: JMX monitoring not detected for core: development
Feb 24, 2014 8:08:09 PM org.apache.solr.core.SolrCore <init>
INFO: JMX monitoring not detected for core: default
Feb 24, 2014 8:08:09 PM org.apache.solr.core.SolrCore initDirectoryFactory
INFO: solr.NRTCachingDirectoryFactory
Feb 24, 2014 8:08:09 PM org.apache.solr.core.SolrCore initDirectoryFactory
INFO: solr.NRTCachingDirectoryFactory
Feb 24, 2014 8:08:09 PM org.apache.solr.core.SolrCore initDirectoryFactory
INFO: solr.NRTCachingDirectoryFactory
Feb 24, 2014 8:08:09 PM org.apache.solr.core.CachingDirectoryFactory get
INFO: return new directory for /Users/apple/Desktop/ruby/mcitsocial_spring14/solr/./default/data forceNew: false
Feb 24, 2014 8:08:09 PM org.apache.solr.core.CachingDirectoryFactory get
INFO: return new directory for /Users/apple/Desktop/ruby/mcitsocial_spring14/solr/./test/data forceNew: false
Feb 24, 2014 8:08:09 PM org.apache.solr.core.CachingDirectoryFactory get
INFO: return new directory for /Users/apple/Desktop/ruby/mcitsocial_spring14/solr/./development/data forceNew: false
Feb 24, 2014 8:08:09 PM org.apache.solr.core.SolrCore getNewIndexDir
INFO: New index directory detected: old=null new=/Users/apple/Desktop/ruby/mcitsocial_spring14/solr/./test/data/index/
Feb 24, 2014 8:08:09 PM org.apache.solr.core.SolrCore getNewIndexDir
INFO: New index directory detected: old=null new=/Users/apple/Desktop/ruby/mcitsocial_spring14/solr/./default/data/index/
Feb 24, 2014 8:08:09 PM org.apache.solr.core.CachingDirectoryFactory get
INFO: return new directory for /Users/apple/Desktop/ruby/mcitsocial_spring14/solr/./test/data/index forceNew: false
Feb 24, 2014 8:08:09 PM org.apache.solr.core.SolrCore getNewIndexDir
INFO: New index directory detected: old=null new=/Users/apple/Desktop/ruby/mcitsocial_spring14/solr/./development/data/index/
Feb 24, 2014 8:08:09 PM org.apache.solr.core.CachingDirectoryFactory get
INFO: return new directory for /Users/apple/Desktop/ruby/mcitsocial_spring14/solr/./development/data/index forceNew: false
Feb 24, 2014 8:08:09 PM org.apache.solr.core.CachingDirectoryFactory get
INFO: return new directory for /Users/apple/Desktop/ruby/mcitsocial_spring14/solr/./default/data/index forceNew: false
Feb 24, 2014 8:08:09 PM org.apache.solr.core.RequestHandlers initHandlersFromConfig
INFO: created /select: solr.SearchHandler
Feb 24, 2014 8:08:09 PM org.apache.solr.core.RequestHandlers initHandlersFromConfig
INFO: created /select: solr.SearchHandler
Feb 24, 2014 8:08:09 PM org.apache.solr.core.RequestHandlers initHandlersFromConfig
INFO: created /query: solr.SearchHandler
Feb 24, 2014 8:08:09 PM org.apache.solr.core.RequestHandlers initHandlersFromConfig
INFO: created /query: solr.SearchHandler
Feb 24, 2014 8:08:09 PM org.apache.solr.core.RequestHandlers initHandlersFromConfig
INFO: created /select: solr.SearchHandler
Feb 24, 2014 8:08:09 PM org.apache.solr.core.RequestHandlers initHandlersFromConfig
INFO: created /query: solr.SearchHandler
Feb 24, 2014 8:08:09 PM org.apache.solr.core.RequestHandlers initHandlersFromConfig
INFO: created /get: solr.RealTimeGetHandler
Feb 24, 2014 8:08:09 PM org.apache.solr.core.RequestHandlers initHandlersFromConfig
INFO: created /get: solr.RealTimeGetHandler
Feb 24, 2014 8:08:09 PM org.apache.solr.core.RequestHandlers initHandlersFromConfig
INFO: created /get: solr.RealTimeGetHandler
Feb 24, 2014 8:08:09 PM org.apache.solr.core.RequestHandlers initHandlersFromConfig
INFO: created /update: solr.UpdateRequestHandler
Feb 24, 2014 8:08:09 PM org.apache.solr.core.RequestHandlers initHandlersFromConfig
INFO: created /update: solr.UpdateRequestHandler
Feb 24, 2014 8:08:09 PM org.apache.solr.core.RequestHandlers initHandlersFromConfig
INFO: created /update: solr.UpdateRequestHandler
Feb 24, 2014 8:08:09 PM org.apache.solr.core.RequestHandlers initHandlersFromConfig
INFO: created /update/json: solr.JsonUpdateRequestHandler
Feb 24, 2014 8:08:09 PM org.apache.solr.core.RequestHandlers initHandlersFromConfig
INFO: created /update/json: solr.JsonUpdateRequestHandler
Feb 24, 2014 8:08:09 PM org.apache.solr.core.RequestHandlers initHandlersFromConfig
INFO: created /update/json: solr.JsonUpdateRequestHandler
Feb 24, 2014 8:08:09 PM org.apache.solr.core.RequestHandlers initHandlersFromConfig
INFO: created /update/csv: solr.CSVRequestHandler
Feb 24, 2014 8:08:09 PM org.apache.solr.core.RequestHandlers initHandlersFromConfig
INFO: created /update/csv: solr.CSVRequestHandler
Feb 24, 2014 8:08:09 PM org.apache.solr.core.RequestHandlers initHandlersFromConfig
INFO: created /update/csv: solr.CSVRequestHandler
Feb 24, 2014 8:08:09 PM org.apache.solr.core.RequestHandlers initHandlersFromConfig
INFO: adding lazy requestHandler: solr.extraction.ExtractingRequestHandler
Feb 24, 2014 8:08:09 PM org.apache.solr.core.RequestHandlers initHandlersFromConfig
INFO: adding lazy requestHandler: solr.extraction.ExtractingRequestHandler
Feb 24, 2014 8:08:09 PM org.apache.solr.core.RequestHandlers initHandlersFromConfig
INFO: adding lazy requestHandler: solr.extraction.ExtractingRequestHandler
Feb 24, 2014 8:08:09 PM org.apache.solr.core.RequestHandlers initHandlersFromConfig
INFO: created /update/extract: solr.extraction.ExtractingRequestHandler
Feb 24, 2014 8:08:09 PM org.apache.solr.core.RequestHandlers initHandlersFromConfig
INFO: created /update/extract: solr.extraction.ExtractingRequestHandler
Feb 24, 2014 8:08:09 PM org.apache.solr.core.RequestHandlers initHandlersFromConfig
INFO: adding lazy requestHandler: solr.FieldAnalysisRequestHandler
Feb 24, 2014 8:08:09 PM org.apache.solr.core.RequestHandlers initHandlersFromConfig
INFO: created /update/extract: solr.extraction.ExtractingRequestHandler
Feb 24, 2014 8:08:09 PM org.apache.solr.core.RequestHandlers initHandlersFromConfig
INFO: created /analysis/field: solr.FieldAnalysisRequestHandler
Feb 24, 2014 8:08:09 PM org.apache.solr.core.RequestHandlers initHandlersFromConfig
INFO: adding lazy requestHandler: solr.FieldAnalysisRequestHandler
Feb 24, 2014 8:08:09 PM org.apache.solr.core.RequestHandlers initHandlersFromConfig
INFO: adding lazy requestHandler: solr.DocumentAnalysisRequestHandler
Feb 24, 2014 8:08:09 PM org.apache.solr.core.RequestHandlers initHandlersFromConfig
INFO: adding lazy requestHandler: solr.FieldAnalysisRequestHandler
Feb 24, 2014 8:08:09 PM org.apache.solr.core.RequestHandlers initHandlersFromConfig
INFO: created /analysis/document: solr.DocumentAnalysisRequestHandler
Feb 24, 2014 8:08:09 PM org.apache.solr.core.RequestHandlers initHandlersFromConfig
INFO: created /analysis/field: solr.FieldAnalysisRequestHandler
Feb 24, 2014 8:08:09 PM org.apache.solr.core.RequestHandlers initHandlersFromConfig
INFO: created /analysis/field: solr.FieldAnalysisRequestHandler
Feb 24, 2014 8:08:09 PM org.apache.solr.core.RequestHandlers initHandlersFromConfig
INFO: adding lazy requestHandler: solr.DocumentAnalysisRequestHandler
Feb 24, 2014 8:08:09 PM org.apache.solr.core.RequestHandlers initHandlersFromConfig
INFO: adding lazy requestHandler: solr.DocumentAnalysisRequestHandler
Feb 24, 2014 8:08:09 PM org.apache.solr.core.RequestHandlers initHandlersFromConfig
INFO: created /admin/ping: solr.PingRequestHandler
Feb 24, 2014 8:08:09 PM org.apache.solr.core.RequestHandlers initHandlersFromConfig
INFO: created /analysis/document: solr.DocumentAnalysisRequestHandler
Feb 24, 2014 8:08:09 PM org.apache.solr.core.RequestHandlers initHandlersFromConfig
INFO: created /analysis/document: solr.DocumentAnalysisRequestHandler
Feb 24, 2014 8:08:09 PM org.apache.solr.core.RequestHandlers initHandlersFromConfig
INFO: created /admin/ping: solr.PingRequestHandler
Feb 24, 2014 8:08:09 PM org.apache.solr.core.RequestHandlers initHandlersFromConfig
INFO: created /debug/dump: solr.DumpRequestHandler
Feb 24, 2014 8:08:09 PM org.apache.solr.core.RequestHandlers initHandlersFromConfig
INFO: created /admin/ping: solr.PingRequestHandler
Feb 24, 2014 8:08:09 PM org.apache.solr.core.RequestHandlers initHandlersFromConfig
INFO: created /debug/dump: solr.DumpRequestHandler
Feb 24, 2014 8:08:09 PM org.apache.solr.core.RequestHandlers initHandlersFromConfig
INFO: created /debug/dump: solr.DumpRequestHandler
Feb 24, 2014 8:08:09 PM org.apache.solr.core.RequestHandlers initHandlersFromConfig
INFO: created /replication: solr.ReplicationHandler
Feb 24, 2014 8:08:09 PM org.apache.solr.core.RequestHandlers initHandlersFromConfig
INFO: created /replication: solr.ReplicationHandler
Feb 24, 2014 8:08:09 PM org.apache.solr.core.RequestHandlers initHandlersFromConfig
INFO: created /replication: solr.ReplicationHandler
Feb 24, 2014 8:08:09 PM org.apache.solr.core.RequestHandlers initHandlersFromConfig
INFO: created /mlt: solr.MoreLikeThisHandler
Feb 24, 2014 8:08:09 PM org.apache.solr.core.RequestHandlers initHandlersFromConfig
INFO: created /mlt: solr.MoreLikeThisHandler
Feb 24, 2014 8:08:09 PM org.apache.solr.core.RequestHandlers initHandlersFromConfig
INFO: created /mlt: solr.MoreLikeThisHandler
Feb 24, 2014 8:08:09 PM org.apache.solr.core.RequestHandlers initHandlersFromConfig
INFO: created /admin/: solr.admin.AdminHandlers
Feb 24, 2014 8:08:09 PM org.apache.solr.core.RequestHandlers initHandlersFromConfig
INFO: created /admin/: solr.admin.AdminHandlers
Feb 24, 2014 8:08:09 PM org.apache.solr.core.RequestHandlers initHandlersFromConfig
INFO: created /admin/: solr.admin.AdminHandlers
Feb 24, 2014 8:08:09 PM org.apache.solr.handler.loader.XMLLoader init
INFO: xsltCacheLifetimeSeconds=60
Feb 24, 2014 8:08:09 PM org.apache.solr.handler.loader.XMLLoader init
INFO: xsltCacheLifetimeSeconds=60
Feb 24, 2014 8:08:09 PM org.apache.solr.handler.loader.XMLLoader init
INFO: xsltCacheLifetimeSeconds=60
Feb 24, 2014 8:08:09 PM org.apache.solr.handler.loader.XMLLoader init
INFO: xsltCacheLifetimeSeconds=60
Feb 24, 2014 8:08:09 PM org.apache.solr.handler.loader.XMLLoader init
INFO: xsltCacheLifetimeSeconds=60
Feb 24, 2014 8:08:09 PM org.apache.solr.handler.loader.XMLLoader init
INFO: xsltCacheLifetimeSeconds=60
Feb 24, 2014 8:08:09 PM org.apache.solr.handler.loader.XMLLoader init
INFO: xsltCacheLifetimeSeconds=60
Feb 24, 2014 8:08:09 PM org.apache.solr.handler.loader.XMLLoader init
INFO: xsltCacheLifetimeSeconds=60
Feb 24, 2014 8:08:09 PM org.apache.solr.handler.loader.XMLLoader init
INFO: xsltCacheLifetimeSeconds=60
Feb 24, 2014 8:08:09 PM org.apache.solr.search.SolrIndexSearcher <init>
INFO: Opening Searcher@79705876 main
Feb 24, 2014 8:08:09 PM org.apache.solr.search.SolrIndexSearcher <init>
INFO: Opening Searcher@79705876 main
Feb 24, 2014 8:08:09 PM org.apache.solr.update.CommitTracker <init>
INFO: Hard AutoCommit: if uncommited for 15000ms; 
Feb 24, 2014 8:08:09 PM org.apache.solr.update.CommitTracker <init>
INFO: Hard AutoCommit: if uncommited for 15000ms; 
Feb 24, 2014 8:08:09 PM org.apache.solr.update.CommitTracker <init>
INFO: Soft AutoCommit: if uncommited for 5000ms; 
Feb 24, 2014 8:08:09 PM org.apache.solr.handler.component.SpellCheckComponent inform
INFO: Initializing spell checkers
Feb 24, 2014 8:08:09 PM org.apache.solr.update.CommitTracker <init>
INFO: Soft AutoCommit: if uncommited for 5000ms; 
Feb 24, 2014 8:08:09 PM org.apache.solr.handler.component.SpellCheckComponent inform
INFO: Initializing spell checkers
Feb 24, 2014 8:08:09 PM org.apache.solr.spelling.DirectSolrSpellChecker init
INFO: init: {name=default,field=name,classname=solr.DirectSolrSpellChecker,distanceMeasure=internal,accuracy=0.5,maxEdits=2,minPrefix=1,maxInspections=5,minQueryLength=4,maxQueryFrequency=0.01}
Feb 24, 2014 8:08:09 PM org.apache.solr.spelling.DirectSolrSpellChecker init
INFO: init: {name=default,field=name,classname=solr.DirectSolrSpellChecker,distanceMeasure=internal,accuracy=0.5,maxEdits=2,minPrefix=1,maxInspections=5,minQueryLength=4,maxQueryFrequency=0.01}
Feb 24, 2014 8:08:09 PM org.apache.solr.handler.component.SpellCheckComponent inform
INFO: No queryConverter defined, using default converter
Feb 24, 2014 8:08:09 PM org.apache.solr.handler.component.SpellCheckComponent inform
INFO: No queryConverter defined, using default converter
Feb 24, 2014 8:08:09 PM org.apache.solr.search.SolrIndexSearcher <init>
INFO: Opening Searcher@c5a311d main
Feb 24, 2014 8:08:09 PM org.apache.solr.handler.ReplicationHandler inform
INFO: Commits will be reserved for  10000
Feb 24, 2014 8:08:09 PM org.apache.solr.update.CommitTracker <init>
INFO: Hard AutoCommit: if uncommited for 15000ms; 
Feb 24, 2014 8:08:09 PM org.apache.solr.handler.ReplicationHandler inform
INFO: Commits will be reserved for  10000
Feb 24, 2014 8:08:09 PM org.apache.solr.update.CommitTracker <init>
INFO: Soft AutoCommit: if uncommited for 5000ms; 
Feb 24, 2014 8:08:09 PM org.apache.solr.handler.component.SpellCheckComponent inform
INFO: Initializing spell checkers
Feb 24, 2014 8:08:09 PM org.apache.solr.spelling.DirectSolrSpellChecker init
INFO: init: {name=default,field=name,classname=solr.DirectSolrSpellChecker,distanceMeasure=internal,accuracy=0.5,maxEdits=2,minPrefix=1,maxInspections=5,minQueryLength=4,maxQueryFrequency=0.01}
Feb 24, 2014 8:08:09 PM org.apache.solr.handler.component.SpellCheckComponent inform
INFO: No queryConverter defined, using default converter
Feb 24, 2014 8:08:09 PM org.apache.solr.handler.ReplicationHandler inform
INFO: Commits will be reserved for  10000
Feb 24, 2014 8:08:10 PM org.apache.solr.core.SolrCore registerSearcher
INFO: [default] Registered new searcher Searcher@79705876 main{StandardDirectoryReader(segments_1:1)}
Feb 24, 2014 8:08:10 PM org.apache.solr.core.CoreContainer registerCore
INFO: registering core: development
Feb 24, 2014 8:08:10 PM org.apache.solr.core.CoreContainer registerCore
INFO: registering core: test
Feb 24, 2014 8:08:10 PM org.apache.solr.core.CoreContainer registerCore
INFO: registering core: default
Feb 24, 2014 8:08:10 PM org.apache.solr.core.SolrCore registerSearcher
INFO: [test] Registered new searcher Searcher@79705876 main{StandardDirectoryReader(segments_1:1)}
Feb 24, 2014 8:08:10 PM org.apache.solr.core.SolrCore registerSearcher
INFO: [development] Registered new searcher Searcher@c5a311d main{StandardDirectoryReader(segments_8:15 _3(4.2):C1)}
Feb 24, 2014 8:08:10 PM org.apache.solr.servlet.SolrDispatchFilter init
INFO: user.dir=/Library/Ruby/Gems/2.0.0/gems/sunspot_solr-2.1.0/solr
Feb 24, 2014 8:08:10 PM org.apache.solr.servlet.SolrDispatchFilter init
INFO: SolrDispatchFilter.init() done
Feb 24, 2014 8:08:36 PM org.apache.solr.core.SolrDeletionPolicy onInit
INFO: SolrDeletionPolicy.onInit: commits:num=1
	commit{dir=NRTCachingDirectory(org.apache.lucene.store.NIOFSDirectory@/Users/apple/Desktop/ruby/mcitsocial_spring14/solr/development/data/index lockFactory=org.apache.lucene.store.NativeFSLockFactory@47e3a820; maxCacheMB=48.0 maxMergeSizeMB=4.0),segFN=segments_8,generation=8,filenames=[_3.fdx, segments_8, _3_Lucene41_0.pos, _3_Lucene41_0.doc, _3_Lucene41_0.tip, _3.si, _3.fnm, _3_Lucene41_0.tim, _3.fdt]
Feb 24, 2014 8:08:36 PM org.apache.solr.core.SolrDeletionPolicy updateCommits
INFO: newest commit = 8[_3.fdx, segments_8, _3_Lucene41_0.pos, _3_Lucene41_0.doc, _3_Lucene41_0.tip, _3.si, _3.fnm, _3_Lucene41_0.tim, _3.fdt]
Feb 24, 2014 8:08:36 PM org.apache.solr.update.processor.LogUpdateProcessor finish
INFO: [development] webapp=/solr path=/update params={wt=ruby} {add=[User 1 (1460970996421885952)]} 0 233
Feb 24, 2014 8:08:36 PM org.apache.solr.update.DirectUpdateHandler2 commit
INFO: start commit{,optimize=false,openSearcher=true,waitSearcher=true,expungeDeletes=false,softCommit=false,prepareCommit=false}
Feb 24, 2014 8:08:36 PM org.apache.solr.core.SolrDeletionPolicy onCommit
INFO: SolrDeletionPolicy.onCommit: commits:num=2
	commit{dir=NRTCachingDirectory(org.apache.lucene.store.NIOFSDirectory@/Users/apple/Desktop/ruby/mcitsocial_spring14/solr/development/data/index lockFactory=org.apache.lucene.store.NativeFSLockFactory@47e3a820; maxCacheMB=48.0 maxMergeSizeMB=4.0),segFN=segments_8,generation=8,filenames=[_3.fdx, segments_8, _3_Lucene41_0.pos, _3_Lucene41_0.doc, _3_Lucene41_0.tip, _3.si, _3.fnm, _3_Lucene41_0.tim, _3.fdt]
	commit{dir=NRTCachingDirectory(org.apache.lucene.store.NIOFSDirectory@/Users/apple/Desktop/ruby/mcitsocial_spring14/solr/development/data/index lockFactory=org.apache.lucene.store.NativeFSLockFactory@47e3a820; maxCacheMB=48.0 maxMergeSizeMB=4.0),segFN=segments_9,generation=9,filenames=[_4.fdx, segments_9, _4_Lucene41_0.doc, _4.fnm, _4_Lucene41_0.pos, _4.si, _4.fdt, _4_Lucene41_0.tip, _4_Lucene41_0.tim]
Feb 24, 2014 8:08:36 PM org.apache.solr.core.SolrDeletionPolicy updateCommits
INFO: newest commit = 9[_4.fdx, segments_9, _4_Lucene41_0.doc, _4.fnm, _4_Lucene41_0.pos, _4.si, _4.fdt, _4_Lucene41_0.tip, _4_Lucene41_0.tim]
Feb 24, 2014 8:08:36 PM org.apache.solr.search.SolrIndexSearcher <init>
INFO: Opening Searcher@274979df main
Feb 24, 2014 8:08:36 PM org.apache.solr.update.DirectUpdateHandler2 commit
INFO: end_commit_flush
Feb 24, 2014 8:08:36 PM org.apache.solr.core.SolrCore registerSearcher
INFO: [development] Registered new searcher Searcher@274979df main{StandardDirectoryReader(segments_9:19 _4(4.2):C1)}
Feb 24, 2014 8:08:36 PM org.apache.solr.update.processor.LogUpdateProcessor finish
INFO: [development] webapp=/solr path=/update params={wt=ruby} {commit=} 0 47
